<?xml version="1.0" encoding="UTF-8"?>
<!-- Generated by org.testng.reporters.JUnitXMLReporter -->
<testsuite ignored="0" hostname="Dhavals-MBP.lan1" failures="0" tests="8" name="Default test" time="3.331" errors="0" timestamp="2020-09-27T22:15:45 CDT">
  <testcase classname="com.test.requests.TestMyGETRequest" name="validateCapitalCityForValidCountryCode" time="1.749"/>
  <testcase classname="com.test.requests.TestMyGETRequest" name="validateCapitalCityForValidCountryName" time="0.217"/>
  <testcase classname="com.test.requests.TestMyGETRequest" name="validateCapitalCityIsNullForInValidCountryCode" time="0.33"/>
  <testcase classname="com.test.requests.TestMyGETRequest" name="validateCapitalCityIsNullForInValidCountryName" time="0.224"/>
  <testcase classname="com.test.requests.TestMyGETRequest" name="validateStatusResponseWithInValidCountryCode" time="0.185"/>
  <testcase classname="com.test.requests.TestMyGETRequest" name="validateStatusResponseWithInValidCountryName" time="0.191"/>
  <testcase classname="com.test.requests.TestMyGETRequest" name="validateStatusResponseWithValidCountryCode" time="0.19"/>
  <testcase classname="com.test.requests.TestMyGETRequest" name="validateStatusResponseWithValidCountryName" time="0.213"/>
</testsuite> <!-- Default test -->
