<?xml version="1.0" encoding="UTF-8"?>
<!-- Generated by org.testng.reporters.JUnitXMLReporter -->
<testsuite ignored="0" hostname="Dhavals-MBP.lan1" failures="0" tests="8" name="Test" time="3.407" errors="0" timestamp="2020-09-27T22:13:33 CDT">
  <testcase classname="com.test.requests.TestMyGETRequest" name="validateCapitalCityForValidCountryCode" time="1.87"/>
  <testcase classname="com.test.requests.TestMyGETRequest" name="validateCapitalCityForValidCountryName" time="0.258"/>
  <testcase classname="com.test.requests.TestMyGETRequest" name="validateCapitalCityIsNullForInValidCountryCode" time="0.265"/>
  <testcase classname="com.test.requests.TestMyGETRequest" name="validateCapitalCityIsNullForInValidCountryName" time="0.21"/>
  <testcase classname="com.test.requests.TestMyGETRequest" name="validateStatusResponseWithInValidCountryCode" time="0.195"/>
  <testcase classname="com.test.requests.TestMyGETRequest" name="validateStatusResponseWithInValidCountryName" time="0.213"/>
  <testcase classname="com.test.requests.TestMyGETRequest" name="validateStatusResponseWithValidCountryCode" time="0.179"/>
  <testcase classname="com.test.requests.TestMyGETRequest" name="validateStatusResponseWithValidCountryName" time="0.187"/>
</testsuite> <!-- Test -->
