<?xml version="1.0" encoding="UTF-8"?>
<!-- Generated by org.testng.reporters.JUnitXMLReporter -->
<testsuite ignored="0" hostname="Dhavals-MBP.lan1" failures="0" tests="8" name="Test MyGetRequest" time="3.184" errors="0" timestamp="2020-09-27T22:33:45 CDT">
  <testcase classname="com.test.requests.TestMyGETRequest" name="validateCapitalCityForValidCountryCode" time="1.715"/>
  <testcase classname="com.test.requests.TestMyGETRequest" name="validateCapitalCityForValidCountryName" time="0.216"/>
  <testcase classname="com.test.requests.TestMyGETRequest" name="validateCapitalCityIsNullForInValidCountryCode" time="0.202"/>
  <testcase classname="com.test.requests.TestMyGETRequest" name="validateCapitalCityIsNullForInValidCountryName" time="0.205"/>
  <testcase classname="com.test.requests.TestMyGETRequest" name="validateStatusResponseWithInValidCountryCode" time="0.205"/>
  <testcase classname="com.test.requests.TestMyGETRequest" name="validateStatusResponseWithInValidCountryName" time="0.188"/>
  <testcase classname="com.test.requests.TestMyGETRequest" name="validateStatusResponseWithValidCountryCode" time="0.196"/>
  <testcase classname="com.test.requests.TestMyGETRequest" name="validateStatusResponseWithValidCountryName" time="0.226"/>
</testsuite> <!-- Test MyGetRequest -->
