<?xml version="1.0" encoding="UTF-8"?>
<testng-results ignored="0" total="8" passed="8" failed="0" skipped="0">
  <reporter-output>
  </reporter-output>
  <suite started-at="2020-09-27T22:33:42 CDT" name="Suite" finished-at="2020-09-27T22:33:45 CDT" duration-ms="3184">
    <groups>
    </groups>
    <test started-at="2020-09-27T22:33:42 CDT" name="Test MyGetRequest" finished-at="2020-09-27T22:33:45 CDT" duration-ms="3184">
      <class name="com.test.requests.TestMyGETRequest">
        <test-method signature="validateCapitalCityForValidCountryCode()[pri:0, instance:com.test.requests.TestMyGETRequest@2898ac89]" started-at="2020-09-27T22:33:42 CDT" name="validateCapitalCityForValidCountryCode" finished-at="2020-09-27T22:33:44 CDT" duration-ms="1715" status="PASS">
          <reporter-output>
          </reporter-output>
        </test-method> <!-- validateCapitalCityForValidCountryCode -->
        <test-method signature="validateCapitalCityForValidCountryName()[pri:0, instance:com.test.requests.TestMyGETRequest@2898ac89]" started-at="2020-09-27T22:33:44 CDT" name="validateCapitalCityForValidCountryName" finished-at="2020-09-27T22:33:44 CDT" duration-ms="216" status="PASS">
          <reporter-output>
          </reporter-output>
        </test-method> <!-- validateCapitalCityForValidCountryName -->
        <test-method signature="validateCapitalCityIsNullForInValidCountryCode()[pri:0, instance:com.test.requests.TestMyGETRequest@2898ac89]" started-at="2020-09-27T22:33:44 CDT" name="validateCapitalCityIsNullForInValidCountryCode" finished-at="2020-09-27T22:33:44 CDT" duration-ms="202" status="PASS">
          <reporter-output>
          </reporter-output>
        </test-method> <!-- validateCapitalCityIsNullForInValidCountryCode -->
        <test-method signature="validateCapitalCityIsNullForInValidCountryName()[pri:0, instance:com.test.requests.TestMyGETRequest@2898ac89]" started-at="2020-09-27T22:33:44 CDT" name="validateCapitalCityIsNullForInValidCountryName" finished-at="2020-09-27T22:33:44 CDT" duration-ms="205" status="PASS">
          <reporter-output>
          </reporter-output>
        </test-method> <!-- validateCapitalCityIsNullForInValidCountryName -->
        <test-method signature="validateStatusResponseWithInValidCountryCode()[pri:0, instance:com.test.requests.TestMyGETRequest@2898ac89]" started-at="2020-09-27T22:33:44 CDT" name="validateStatusResponseWithInValidCountryCode" finished-at="2020-09-27T22:33:44 CDT" duration-ms="205" status="PASS">
          <reporter-output>
          </reporter-output>
        </test-method> <!-- validateStatusResponseWithInValidCountryCode -->
        <test-method signature="validateStatusResponseWithInValidCountryName()[pri:0, instance:com.test.requests.TestMyGETRequest@2898ac89]" started-at="2020-09-27T22:33:44 CDT" name="validateStatusResponseWithInValidCountryName" finished-at="2020-09-27T22:33:45 CDT" duration-ms="188" status="PASS">
          <reporter-output>
          </reporter-output>
        </test-method> <!-- validateStatusResponseWithInValidCountryName -->
        <test-method signature="validateStatusResponseWithValidCountryCode()[pri:0, instance:com.test.requests.TestMyGETRequest@2898ac89]" started-at="2020-09-27T22:33:45 CDT" name="validateStatusResponseWithValidCountryCode" finished-at="2020-09-27T22:33:45 CDT" duration-ms="196" status="PASS">
          <reporter-output>
          </reporter-output>
        </test-method> <!-- validateStatusResponseWithValidCountryCode -->
        <test-method signature="validateStatusResponseWithValidCountryName()[pri:0, instance:com.test.requests.TestMyGETRequest@2898ac89]" started-at="2020-09-27T22:33:45 CDT" name="validateStatusResponseWithValidCountryName" finished-at="2020-09-27T22:33:45 CDT" duration-ms="226" status="PASS">
          <reporter-output>
          </reporter-output>
        </test-method> <!-- validateStatusResponseWithValidCountryName -->
      </class> <!-- com.test.requests.TestMyGETRequest -->
    </test> <!-- Test MyGetRequest -->
  </suite> <!-- Suite -->
</testng-results>
